<?xml version="1.0" encoding="UTF-8"?>
<coverage generated="1653002239292" clover="3.2.0">
  <project timestamp="1653002239292" name="All files">
    <metrics statements="67" coveredstatements="29" conditionals="23" coveredconditionals="4" methods="20" coveredmethods="6" elements="110" coveredelements="39" complexity="0" loc="67" ncloc="67" packages="6" files="8" classes="8"/>
    <package name="components.Input">
      <metrics statements="2" coveredstatements="2" conditionals="0" coveredconditionals="0" methods="1" coveredmethods="1"/>
      <file name="index.jsx" path="/Users/manuelbolio/proyectosPersonales/currency-converter/currency-converter/src/components/Input/index.jsx">
        <metrics statements="2" coveredstatements="2" conditionals="0" coveredconditionals="0" methods="1" coveredmethods="1"/>
        <line num="4" count="2" type="stmt"/>
        <line num="5" count="3" type="stmt"/>
      </file>
    </package>
    <package name="components.title.MainTitle">
      <metrics statements="2" coveredstatements="2" conditionals="0" coveredconditionals="0" methods="1" coveredmethods="1"/>
      <file name="index.jsx" path="/Users/manuelbolio/proyectosPersonales/currency-converter/currency-converter/src/components/title/MainTitle/index.jsx">
        <metrics statements="2" coveredstatements="2" conditionals="0" coveredconditionals="0" methods="1" coveredmethods="1"/>
        <line num="4" count="2" type="stmt"/>
        <line num="5" count="3" type="stmt"/>
      </file>
    </package>
    <package name="jest.utils">
      <metrics statements="3" coveredstatements="3" conditionals="2" coveredconditionals="0" methods="1" coveredmethods="1"/>
      <file name="index.js" path="/Users/manuelbolio/proyectosPersonales/currency-converter/currency-converter/src/jest/utils/index.js">
        <metrics statements="2" coveredstatements="2" conditionals="2" coveredconditionals="0" methods="1" coveredmethods="1"/>
        <line num="6" count="1" type="stmt"/>
        <line num="10" count="1" type="stmt"/>
      </file>
      <file name="initialState.js" path="/Users/manuelbolio/proyectosPersonales/currency-converter/currency-converter/src/jest/utils/initialState.js">
        <metrics statements="1" coveredstatements="1" conditionals="0" coveredconditionals="0" methods="0" coveredmethods="0"/>
        <line num="1" count="1" type="stmt"/>
      </file>
    </package>
    <package name="pages.CurrencyConverter">
      <metrics statements="29" coveredstatements="13" conditionals="10" coveredconditionals="2" methods="10" coveredmethods="3"/>
      <file name="index.jsx" path="/Users/manuelbolio/proyectosPersonales/currency-converter/currency-converter/src/pages/CurrencyConverter/index.jsx">
        <metrics statements="25" coveredstatements="10" conditionals="6" coveredconditionals="1" methods="9" coveredmethods="2"/>
        <line num="14" count="1" type="stmt"/>
        <line num="15" count="1" type="stmt"/>
        <line num="16" count="1" type="stmt"/>
        <line num="17" count="1" type="stmt"/>
        <line num="19" count="1" type="stmt"/>
        <line num="20" count="0" type="stmt"/>
        <line num="21" count="0" type="stmt"/>
        <line num="24" count="1" type="stmt"/>
        <line num="25" count="1" type="stmt"/>
        <line num="27" count="1" type="stmt"/>
        <line num="31" count="0" type="cond" truecount="0" falsecount="2"/>
        <line num="32" count="0" type="stmt"/>
        <line num="33" count="0" type="stmt"/>
        <line num="34" count="0" type="cond" truecount="0" falsecount="2"/>
        <line num="35" count="0" type="stmt"/>
        <line num="36" count="0" type="stmt"/>
        <line num="40" count="1" type="stmt"/>
        <line num="41" count="0" type="stmt"/>
        <line num="42" count="0" type="stmt"/>
        <line num="43" count="0" type="stmt"/>
        <line num="46" count="1" type="stmt"/>
        <line num="61" count="0" type="stmt"/>
        <line num="62" count="0" type="stmt"/>
        <line num="74" count="0" type="stmt"/>
        <line num="75" count="0" type="stmt"/>
      </file>
      <file name="utils.jsx" path="/Users/manuelbolio/proyectosPersonales/currency-converter/currency-converter/src/pages/CurrencyConverter/utils.jsx">
        <metrics statements="4" coveredstatements="3" conditionals="4" coveredconditionals="1" methods="1" coveredmethods="1"/>
        <line num="6" count="1" type="stmt"/>
        <line num="7" count="1" type="cond" truecount="1" falsecount="1"/>
        <line num="8" count="1" type="stmt"/>
        <line num="10" count="0" type="cond" truecount="0" falsecount="2"/>
      </file>
    </package>
    <package name="redux">
      <metrics statements="6" coveredstatements="3" conditionals="4" coveredconditionals="2" methods="2" coveredmethods="0"/>
      <file name="configureStore.js" path="/Users/manuelbolio/proyectosPersonales/currency-converter/currency-converter/src/redux/configureStore.js">
        <metrics statements="6" coveredstatements="3" conditionals="4" coveredconditionals="2" methods="2" coveredmethods="0"/>
        <line num="7" count="1" type="cond" truecount="1" falsecount="1"/>
        <line num="9" count="1" type="cond" truecount="1" falsecount="1"/>
        <line num="11" count="1" type="stmt"/>
        <line num="12" count="0" type="stmt"/>
        <line num="17" count="0" type="stmt"/>
        <line num="26" count="0" type="stmt"/>
      </file>
    </package>
    <package name="redux.modules.currencyConverter">
      <metrics statements="25" coveredstatements="6" conditionals="7" coveredconditionals="0" methods="5" coveredmethods="0"/>
      <file name="index.js" path="/Users/manuelbolio/proyectosPersonales/currency-converter/currency-converter/src/redux/modules/currencyConverter/index.js">
        <metrics statements="25" coveredstatements="6" conditionals="7" coveredconditionals="0" methods="5" coveredmethods="0"/>
        <line num="1" count="1" type="stmt"/>
        <line num="11" count="1" type="stmt"/>
        <line num="12" count="1" type="stmt"/>
        <line num="16" count="0" type="cond" truecount="0" falsecount="3"/>
        <line num="18" count="0" type="stmt"/>
        <line num="20" count="0" type="stmt"/>
        <line num="26" count="0" type="stmt"/>
        <line num="31" count="1" type="stmt"/>
        <line num="32" count="0" type="stmt"/>
        <line num="38" count="1" type="stmt"/>
        <line num="39" count="0" type="stmt"/>
        <line num="46" count="1" type="stmt"/>
        <line num="47" count="0" type="stmt"/>
        <line num="48" count="0" type="stmt"/>
        <line num="49" count="0" type="stmt"/>
        <line num="50" count="0" type="stmt"/>
        <line num="55" count="0" type="cond" truecount="0" falsecount="2"/>
        <line num="56" count="0" type="stmt"/>
        <line num="57" count="0" type="stmt"/>
        <line num="58" count="0" type="stmt"/>
        <line num="59" count="0" type="stmt"/>
        <line num="60" count="0" type="stmt"/>
        <line num="61" count="0" type="stmt"/>
        <line num="63" count="0" type="stmt"/>
        <line num="64" count="0" type="stmt"/>
      </file>
    </package>
  </project>
</coverage>
