{"/Users/manuelbolio/proyectosPersonales/currency-converter/currency-converter/src/components/Input/index.jsx": {"path":"/Users/manuelbolio/proyectosPersonales/currency-converter/currency-converter/src/components/Input/index.jsx","statementMap":{"0":{"start":{"line":4,"column":14},"end":{"line":15,"column":1}},"1":{"start":{"line":5,"column":2},"end":{"line":14,"column":4}}},"fnMap":{"0":{"name":"(anonymous_0)","decl":{"start":{"line":4,"column":14},"end":{"line":4,"column":15}},"loc":{"start":{"line":5,"column":2},"end":{"line":14,"column":4}},"line":5}},"branchMap":{},"s":{"0":2,"1":3},"f":{"0":3},"b":{},"_coverageSchema":"1a1c01bbd47fc00a2c39e90264f33305004495a9","hash":"5d1e00083ef1e906d76aed393f6811e172f87557"}
,"/Users/manuelbolio/proyectosPersonales/currency-converter/currency-converter/src/components/title/MainTitle/index.jsx": {"path":"/Users/manuelbolio/proyectosPersonales/currency-converter/currency-converter/src/components/title/MainTitle/index.jsx","statementMap":{"0":{"start":{"line":4,"column":18},"end":{"line":10,"column":1}},"1":{"start":{"line":5,"column":2},"end":{"line":9,"column":4}}},"fnMap":{"0":{"name":"(anonymous_0)","decl":{"start":{"line":4,"column":18},"end":{"line":4,"column":19}},"loc":{"start":{"line":4,"column":62},"end":{"line":10,"column":1}},"line":4}},"branchMap":{},"s":{"0":2,"1":3},"f":{"0":3},"b":{},"_coverageSchema":"1a1c01bbd47fc00a2c39e90264f33305004495a9","hash":"d0f66abee27ca60d3a17abb0cfe97b083efc08d9"}
,"/Users/manuelbolio/proyectosPersonales/currency-converter/currency-converter/src/jest/utils/index.js": {"path":"/Users/manuelbolio/proyectosPersonales/currency-converter/currency-converter/src/jest/utils/index.js","statementMap":{"0":{"start":{"line":6,"column":42},"end":{"line":11,"column":1}},"1":{"start":{"line":10,"column":2},"end":{"line":10,"column":75}}},"fnMap":{"0":{"name":"(anonymous_0)","decl":{"start":{"line":6,"column":42},"end":{"line":6,"column":43}},"loc":{"start":{"line":9,"column":5},"end":{"line":11,"column":1}},"line":9}},"branchMap":{"0":{"loc":{"start":{"line":8,"column":2},"end":{"line":8,"column":61}},"type":"default-arg","locations":[{"start":{"line":8,"column":59},"end":{"line":8,"column":61}}],"line":8},"1":{"loc":{"start":{"line":8,"column":18},"end":{"line":8,"column":54}},"type":"default-arg","locations":[{"start":{"line":8,"column":26},"end":{"line":8,"column":54}}],"line":8}},"s":{"0":1,"1":1},"f":{"0":1},"b":{"0":[0],"1":[0]},"_coverageSchema":"1a1c01bbd47fc00a2c39e90264f33305004495a9","hash":"463c47b43340c57907c065cf167dc1a0852a6bb0"}
,"/Users/manuelbolio/proyectosPersonales/currency-converter/currency-converter/src/jest/utils/initialState.js": {"path":"/Users/manuelbolio/proyectosPersonales/currency-converter/currency-converter/src/jest/utils/initialState.js","statementMap":{"0":{"start":{"line":1,"column":21},"end":{"line":9,"column":1}}},"fnMap":{},"branchMap":{},"s":{"0":1},"f":{},"b":{},"_coverageSchema":"1a1c01bbd47fc00a2c39e90264f33305004495a9","hash":"33d613af038e949acb2551edf3da6d70d06b31af"}
,"/Users/manuelbolio/proyectosPersonales/currency-converter/currency-converter/src/pages/CurrencyConverter/index.jsx": {"path":"/Users/manuelbolio/proyectosPersonales/currency-converter/currency-converter/src/pages/CurrencyConverter/index.jsx","statementMap":{"0":{"start":{"line":14,"column":19},"end":{"line":14,"column":32}},"1":{"start":{"line":15,"column":30},"end":{"line":15,"column":49}},"2":{"start":{"line":16,"column":34},"end":{"line":16,"column":46}},"3":{"start":{"line":17,"column":34},"end":{"line":17,"column":46}},"4":{"start":{"line":19,"column":2},"end":{"line":22,"column":15}},"5":{"start":{"line":20,"column":4},"end":{"line":20,"column":29}},"6":{"start":{"line":21,"column":4},"end":{"line":21,"column":54}},"7":{"start":{"line":24,"column":34},"end":{"line":24,"column":72}},"8":{"start":{"line":24,"column":57},"end":{"line":24,"column":71}},"9":{"start":{"line":25,"column":2},"end":{"line":25,"column":66}},"10":{"start":{"line":27,"column":28},"end":{"line":38,"column":3}},"11":{"start":{"line":31,"column":4},"end":{"line":37,"column":5}},"12":{"start":{"line":32,"column":6},"end":{"line":32,"column":25}},"13":{"start":{"line":33,"column":6},"end":{"line":33,"column":78}},"14":{"start":{"line":34,"column":11},"end":{"line":37,"column":5}},"15":{"start":{"line":35,"column":6},"end":{"line":35,"column":25}},"16":{"start":{"line":36,"column":6},"end":{"line":36,"column":78}},"17":{"start":{"line":40,"column":22},"end":{"line":44,"column":3}},"18":{"start":{"line":41,"column":4},"end":{"line":41,"column":22}},"19":{"start":{"line":42,"column":4},"end":{"line":42,"column":20}},"20":{"start":{"line":43,"column":4},"end":{"line":43,"column":20}},"21":{"start":{"line":46,"column":2},"end":{"line":89,"column":4}},"22":{"start":{"line":61,"column":28},"end":{"line":61,"column":46}},"23":{"start":{"line":62,"column":29},"end":{"line":62,"column":69}},"24":{"start":{"line":74,"column":28},"end":{"line":74,"column":46}},"25":{"start":{"line":75,"column":29},"end":{"line":75,"column":69}}},"fnMap":{"0":{"name":"CurrencyConverter","decl":{"start":{"line":13,"column":9},"end":{"line":13,"column":26}},"loc":{"start":{"line":13,"column":29},"end":{"line":90,"column":1}},"line":13},"1":{"name":"(anonymous_1)","decl":{"start":{"line":19,"column":12},"end":{"line":19,"column":13}},"loc":{"start":{"line":19,"column":18},"end":{"line":22,"column":3}},"line":19},"2":{"name":"(anonymous_2)","decl":{"start":{"line":24,"column":46},"end":{"line":24,"column":47}},"loc":{"start":{"line":24,"column":57},"end":{"line":24,"column":71}},"line":24},"3":{"name":"(anonymous_3)","decl":{"start":{"line":27,"column":28},"end":{"line":27,"column":29}},"loc":{"start":{"line":27,"column":49},"end":{"line":38,"column":3}},"line":27},"4":{"name":"(anonymous_4)","decl":{"start":{"line":40,"column":22},"end":{"line":40,"column":23}},"loc":{"start":{"line":40,"column":34},"end":{"line":44,"column":3}},"line":40},"5":{"name":"(anonymous_5)","decl":{"start":{"line":61,"column":21},"end":{"line":61,"column":22}},"loc":{"start":{"line":61,"column":28},"end":{"line":61,"column":46}},"line":61},"6":{"name":"(anonymous_6)","decl":{"start":{"line":62,"column":22},"end":{"line":62,"column":23}},"loc":{"start":{"line":62,"column":29},"end":{"line":62,"column":69}},"line":62},"7":{"name":"(anonymous_7)","decl":{"start":{"line":74,"column":21},"end":{"line":74,"column":22}},"loc":{"start":{"line":74,"column":28},"end":{"line":74,"column":46}},"line":74},"8":{"name":"(anonymous_8)","decl":{"start":{"line":75,"column":22},"end":{"line":75,"column":23}},"loc":{"start":{"line":75,"column":29},"end":{"line":75,"column":69}},"line":75}},"branchMap":{"0":{"loc":{"start":{"line":31,"column":4},"end":{"line":37,"column":5}},"type":"if","locations":[{"start":{"line":31,"column":4},"end":{"line":37,"column":5}},{"start":{"line":34,"column":11},"end":{"line":37,"column":5}}],"line":31},"1":{"loc":{"start":{"line":34,"column":11},"end":{"line":37,"column":5}},"type":"if","locations":[{"start":{"line":34,"column":11},"end":{"line":37,"column":5}},{"start":{},"end":{}}],"line":34},"2":{"loc":{"start":{"line":79,"column":11},"end":{"line":85,"column":11}},"type":"binary-expr","locations":[{"start":{"line":79,"column":11},"end":{"line":79,"column":41}},{"start":{"line":80,"column":12},"end":{"line":84,"column":19}}],"line":79}},"s":{"0":1,"1":1,"2":1,"3":1,"4":1,"5":0,"6":0,"7":1,"8":1,"9":1,"10":1,"11":0,"12":0,"13":0,"14":0,"15":0,"16":0,"17":1,"18":0,"19":0,"20":0,"21":1,"22":0,"23":0,"24":0,"25":0},"f":{"0":1,"1":0,"2":1,"3":0,"4":0,"5":0,"6":0,"7":0,"8":0},"b":{"0":[0,0],"1":[0,0],"2":[1,0]},"_coverageSchema":"1a1c01bbd47fc00a2c39e90264f33305004495a9","hash":"105d6448e1f604340778281ee02b96979f37af74"}
,"/Users/manuelbolio/proyectosPersonales/currency-converter/currency-converter/src/pages/CurrencyConverter/utils.jsx": {"path":"/Users/manuelbolio/proyectosPersonales/currency-converter/currency-converter/src/pages/CurrencyConverter/utils.jsx","statementMap":{"0":{"start":{"line":6,"column":23},"end":{"line":16,"column":1}},"1":{"start":{"line":7,"column":2},"end":{"line":15,"column":3}},"2":{"start":{"line":8,"column":4},"end":{"line":8,"column":55}},"3":{"start":{"line":10,"column":4},"end":{"line":14,"column":6}}},"fnMap":{"0":{"name":"(anonymous_0)","decl":{"start":{"line":6,"column":23},"end":{"line":6,"column":24}},"loc":{"start":{"line":6,"column":35},"end":{"line":16,"column":1}},"line":6}},"branchMap":{"0":{"loc":{"start":{"line":7,"column":2},"end":{"line":15,"column":3}},"type":"if","locations":[{"start":{"line":7,"column":2},"end":{"line":15,"column":3}},{"start":{"line":9,"column":9},"end":{"line":15,"column":3}}],"line":7},"1":{"loc":{"start":{"line":10,"column":11},"end":{"line":14,"column":5}},"type":"cond-expr","locations":[{"start":{"line":11,"column":6},"end":{"line":11,"column":48}},{"start":{"line":13,"column":6},"end":{"line":13,"column":45}}],"line":10}},"s":{"0":1,"1":1,"2":1,"3":0},"f":{"0":1},"b":{"0":[1,0],"1":[0,0]},"_coverageSchema":"1a1c01bbd47fc00a2c39e90264f33305004495a9","hash":"0e16498d10643d088bd8b0ccd71580384817bcec"}
,"/Users/manuelbolio/proyectosPersonales/currency-converter/currency-converter/src/redux/configureStore.js": {"path":"/Users/manuelbolio/proyectosPersonales/currency-converter/currency-converter/src/redux/configureStore.js","statementMap":{"0":{"start":{"line":7,"column":2},"end":{"line":7,"column":78}},"1":{"start":{"line":9,"column":25},"end":{"line":9,"column":77}},"2":{"start":{"line":11,"column":20},"end":{"line":14,"column":4}},"3":{"start":{"line":12,"column":2},"end":{"line":14,"column":4}},"4":{"start":{"line":17,"column":16},"end":{"line":17,"column":60}},"5":{"start":{"line":26,"column":2},"end":{"line":26,"column":15}}},"fnMap":{"0":{"name":"(anonymous_0)","decl":{"start":{"line":11,"column":20},"end":{"line":11,"column":21}},"loc":{"start":{"line":12,"column":2},"end":{"line":14,"column":4}},"line":12},"1":{"name":"configureStore","decl":{"start":{"line":16,"column":24},"end":{"line":16,"column":38}},"loc":{"start":{"line":16,"column":41},"end":{"line":27,"column":1}},"line":16}},"branchMap":{"0":{"loc":{"start":{"line":7,"column":2},"end":{"line":7,"column":78}},"type":"binary-expr","locations":[{"start":{"line":7,"column":2},"end":{"line":7,"column":37}},{"start":{"line":7,"column":41},"end":{"line":7,"column":78}}],"line":7},"1":{"loc":{"start":{"line":9,"column":25},"end":{"line":9,"column":77}},"type":"binary-expr","locations":[{"start":{"line":9,"column":25},"end":{"line":9,"column":66}},{"start":{"line":9,"column":70},"end":{"line":9,"column":77}}],"line":9}},"s":{"0":1,"1":1,"2":1,"3":0,"4":0,"5":0},"f":{"0":0,"1":0},"b":{"0":[1,0],"1":[1,0]},"_coverageSchema":"1a1c01bbd47fc00a2c39e90264f33305004495a9","hash":"3ccddabe406bae9ef0962923c251ab28e94c3e66"}
,"/Users/manuelbolio/proyectosPersonales/currency-converter/currency-converter/src/redux/modules/currencyConverter/index.js": {"path":"/Users/manuelbolio/proyectosPersonales/currency-converter/currency-converter/src/redux/modules/currencyConverter/index.js","statementMap":{"0":{"start":{"line":1,"column":21},"end":{"line":7,"column":1}},"1":{"start":{"line":11,"column":2},"end":{"line":11,"column":56}},"2":{"start":{"line":12,"column":23},"end":{"line":12,"column":65}},"3":{"start":{"line":16,"column":2},"end":{"line":27,"column":3}},"4":{"start":{"line":18,"column":6},"end":{"line":18,"column":61}},"5":{"start":{"line":20,"column":6},"end":{"line":24,"column":8}},"6":{"start":{"line":26,"column":6},"end":{"line":26,"column":19}},"7":{"start":{"line":31,"column":42},"end":{"line":36,"column":1}},"8":{"start":{"line":32,"column":2},"end":{"line":35,"column":4}},"9":{"start":{"line":38,"column":42},"end":{"line":43,"column":1}},"10":{"start":{"line":39,"column":2},"end":{"line":42,"column":4}},"11":{"start":{"line":46,"column":47},"end":{"line":66,"column":1}},"12":{"start":{"line":46,"column":59},"end":{"line":66,"column":1}},"13":{"start":{"line":47,"column":2},"end":{"line":47,"column":32}},"14":{"start":{"line":48,"column":20},"end":{"line":48,"column":33}},"15":{"start":{"line":49,"column":2},"end":{"line":49,"column":65}},"16":{"start":{"line":50,"column":25},"end":{"line":54,"column":3}},"17":{"start":{"line":55,"column":20},"end":{"line":55,"column":52}},"18":{"start":{"line":56,"column":2},"end":{"line":65,"column":3}},"19":{"start":{"line":57,"column":4},"end":{"line":57,"column":28}},"20":{"start":{"line":58,"column":19},"end":{"line":58,"column":112}},"21":{"start":{"line":59,"column":24},"end":{"line":59,"column":59}},"22":{"start":{"line":60,"column":22},"end":{"line":60,"column":46}},"23":{"start":{"line":61,"column":4},"end":{"line":61,"column":52}},"24":{"start":{"line":63,"column":4},"end":{"line":63,"column":48}},"25":{"start":{"line":64,"column":4},"end":{"line":64,"column":23}}},"fnMap":{"0":{"name":"reducer","decl":{"start":{"line":15,"column":24},"end":{"line":15,"column":31}},"loc":{"start":{"line":15,"column":67},"end":{"line":28,"column":1}},"line":15},"1":{"name":"(anonymous_1)","decl":{"start":{"line":31,"column":42},"end":{"line":31,"column":43}},"loc":{"start":{"line":31,"column":55},"end":{"line":36,"column":1}},"line":31},"2":{"name":"(anonymous_2)","decl":{"start":{"line":38,"column":42},"end":{"line":38,"column":43}},"loc":{"start":{"line":38,"column":55},"end":{"line":43,"column":1}},"line":38},"3":{"name":"(anonymous_3)","decl":{"start":{"line":46,"column":47},"end":{"line":46,"column":48}},"loc":{"start":{"line":46,"column":59},"end":{"line":66,"column":1}},"line":46},"4":{"name":"(anonymous_4)","decl":{"start":{"line":46,"column":59},"end":{"line":46,"column":60}},"loc":{"start":{"line":46,"column":79},"end":{"line":66,"column":1}},"line":46}},"branchMap":{"0":{"loc":{"start":{"line":15,"column":32},"end":{"line":15,"column":52}},"type":"default-arg","locations":[{"start":{"line":15,"column":40},"end":{"line":15,"column":52}}],"line":15},"1":{"loc":{"start":{"line":15,"column":54},"end":{"line":15,"column":65}},"type":"default-arg","locations":[{"start":{"line":15,"column":63},"end":{"line":15,"column":65}}],"line":15},"2":{"loc":{"start":{"line":16,"column":2},"end":{"line":27,"column":3}},"type":"switch","locations":[{"start":{"line":17,"column":4},"end":{"line":18,"column":61}},{"start":{"line":19,"column":4},"end":{"line":24,"column":8}},{"start":{"line":25,"column":4},"end":{"line":26,"column":19}}],"line":16},"3":{"loc":{"start":{"line":55,"column":20},"end":{"line":55,"column":52}},"type":"cond-expr","locations":[{"start":{"line":55,"column":39},"end":{"line":55,"column":44}},{"start":{"line":55,"column":47},"end":{"line":55,"column":52}}],"line":55}},"s":{"0":1,"1":1,"2":1,"3":0,"4":0,"5":0,"6":0,"7":1,"8":0,"9":1,"10":0,"11":1,"12":0,"13":0,"14":0,"15":0,"16":0,"17":0,"18":0,"19":0,"20":0,"21":0,"22":0,"23":0,"24":0,"25":0},"f":{"0":0,"1":0,"2":0,"3":0,"4":0},"b":{"0":[0],"1":[0],"2":[0,0,0],"3":[0,0]},"_coverageSchema":"1a1c01bbd47fc00a2c39e90264f33305004495a9","hash":"a6a3d2060cdcde8f0b2296f8bfaa6d85c7f3abbc"}
}
