TN:
SF:src/components/Input/index.jsx
FN:4,(anonymous_0)
FNF:1
FNH:1
FNDA:3,(anonymous_0)
DA:4,2
DA:5,3
LF:2
LH:2
BRF:0
BRH:0
end_of_record
TN:
SF:src/components/title/MainTitle/index.jsx
FN:4,(anonymous_0)
FNF:1
FNH:1
FNDA:3,(anonymous_0)
DA:4,2
DA:5,3
LF:2
LH:2
BRF:0
BRH:0
end_of_record
TN:
SF:src/jest/utils/index.js
FN:6,(anonymous_0)
FNF:1
FNH:1
FNDA:1,(anonymous_0)
DA:6,1
DA:10,1
LF:2
LH:2
BRDA:8,0,0,0
BRDA:8,1,0,0
BRF:2
BRH:0
end_of_record
TN:
SF:src/jest/utils/initialState.js
FNF:0
FNH:0
DA:1,1
LF:1
LH:1
BRF:0
BRH:0
end_of_record
TN:
SF:src/pages/CurrencyConverter/index.jsx
FN:13,CurrencyConverter
FN:19,(anonymous_1)
FN:24,(anonymous_2)
FN:27,(anonymous_3)
FN:40,(anonymous_4)
FN:61,(anonymous_5)
FN:62,(anonymous_6)
FN:74,(anonymous_7)
FN:75,(anonymous_8)
FNF:9
FNH:2
FNDA:1,CurrencyConverter
FNDA:0,(anonymous_1)
FNDA:1,(anonymous_2)
FNDA:0,(anonymous_3)
FNDA:0,(anonymous_4)
FNDA:0,(anonymous_5)
FNDA:0,(anonymous_6)
FNDA:0,(anonymous_7)
FNDA:0,(anonymous_8)
DA:14,1
DA:15,1
DA:16,1
DA:17,1
DA:19,1
DA:20,0
DA:21,0
DA:24,1
DA:25,1
DA:27,1
DA:31,0
DA:32,0
DA:33,0
DA:34,0
DA:35,0
DA:36,0
DA:40,1
DA:41,0
DA:42,0
DA:43,0
DA:46,1
DA:61,0
DA:62,0
DA:74,0
DA:75,0
LF:25
LH:10
BRDA:31,0,0,0
BRDA:31,0,1,0
BRDA:34,1,0,0
BRDA:34,1,1,0
BRDA:79,2,0,1
BRDA:79,2,1,0
BRF:6
BRH:1
end_of_record
TN:
SF:src/pages/CurrencyConverter/utils.jsx
FN:6,(anonymous_0)
FNF:1
FNH:1
FNDA:1,(anonymous_0)
DA:6,1
DA:7,1
DA:8,1
DA:10,0
LF:4
LH:3
BRDA:7,0,0,1
BRDA:7,0,1,0
BRDA:10,1,0,0
BRDA:10,1,1,0
BRF:4
BRH:1
end_of_record
TN:
SF:src/redux/configureStore.js
FN:11,(anonymous_0)
FN:16,configureStore
FNF:2
FNH:0
FNDA:0,(anonymous_0)
FNDA:0,configureStore
DA:7,1
DA:9,1
DA:11,1
DA:12,0
DA:17,0
DA:26,0
LF:6
LH:3
BRDA:7,0,0,1
BRDA:7,0,1,0
BRDA:9,1,0,1
BRDA:9,1,1,0
BRF:4
BRH:2
end_of_record
TN:
SF:src/redux/modules/currencyConverter/index.js
FN:15,reducer
FN:31,(anonymous_1)
FN:38,(anonymous_2)
FN:46,(anonymous_3)
FN:46,(anonymous_4)
FNF:5
FNH:0
FNDA:0,reducer
FNDA:0,(anonymous_1)
FNDA:0,(anonymous_2)
FNDA:0,(anonymous_3)
FNDA:0,(anonymous_4)
DA:1,1
DA:11,1
DA:12,1
DA:16,0
DA:18,0
DA:20,0
DA:26,0
DA:31,1
DA:32,0
DA:38,1
DA:39,0
DA:46,1
DA:47,0
DA:48,0
DA:49,0
DA:50,0
DA:55,0
DA:56,0
DA:57,0
DA:58,0
DA:59,0
DA:60,0
DA:61,0
DA:63,0
DA:64,0
LF:25
LH:6
BRDA:15,0,0,0
BRDA:15,1,0,0
BRDA:16,2,0,0
BRDA:16,2,1,0
BRDA:16,2,2,0
BRDA:55,3,0,0
BRDA:55,3,1,0
BRF:7
BRH:0
end_of_record
